<?xml version="1.0" encoding="UTF-8"?>
<testsuite xmlns:xsi="http://www.w3.org/2001/XMLSchema-instance" xsi:noNamespaceSchemaLocation="https://maven.apache.org/surefire/maven-surefire-plugin/xsd/surefire-test-report-3.0.xsd" version="3.0" name="animals.CatTest" time="0.006" tests="4" errors="0" skipped="0" failures="0">
  <properties>
    <property name="java.specification.version" value="19"/>
    <property name="sun.jnu.encoding" value="UTF-8"/>
    <property name="java.class.path" value="/Users/stepanbohm/projects/engeto/lekce8_jUnit/target/test-classes:/Users/stepanbohm/projects/engeto/lekce8_jUnit/target/classes:/Users/stepanbohm/.m2/repository/org/junit/jupiter/junit-jupiter-api/5.9.2/junit-jupiter-api-5.9.2.jar:/Users/stepanbohm/.m2/repository/org/opentest4j/opentest4j/1.2.0/opentest4j-1.2.0.jar:/Users/stepanbohm/.m2/repository/org/junit/platform/junit-platform-commons/1.9.2/junit-platform-commons-1.9.2.jar:/Users/stepanbohm/.m2/repository/org/apiguardian/apiguardian-api/1.1.2/apiguardian-api-1.1.2.jar:/Users/stepanbohm/.m2/repository/org/apache/maven/plugins/maven-surefire-plugin/3.0.0/maven-surefire-plugin-3.0.0.jar:/Users/stepanbohm/.m2/repository/org/apache/maven/surefire/maven-surefire-common/3.0.0/maven-surefire-common-3.0.0.jar:/Users/stepanbohm/.m2/repository/org/apache/maven/surefire/surefire-api/3.0.0/surefire-api-3.0.0.jar:/Users/stepanbohm/.m2/repository/org/apache/maven/surefire/surefire-logger-api/3.0.0/surefire-logger-api-3.0.0.jar:/Users/stepanbohm/.m2/repository/org/apache/maven/surefire/surefire-extensions-api/3.0.0/surefire-extensions-api-3.0.0.jar:/Users/stepanbohm/.m2/repository/org/apache/maven/surefire/surefire-booter/3.0.0/surefire-booter-3.0.0.jar:/Users/stepanbohm/.m2/repository/org/apache/maven/surefire/surefire-extensions-spi/3.0.0/surefire-extensions-spi-3.0.0.jar:/Users/stepanbohm/.m2/repository/org/eclipse/aether/aether-util/1.0.0.v20140518/aether-util-1.0.0.v20140518.jar:/Users/stepanbohm/.m2/repository/org/eclipse/aether/aether-api/1.0.0.v20140518/aether-api-1.0.0.v20140518.jar:/Users/stepanbohm/.m2/repository/org/apache/maven/shared/maven-common-artifact-filters/3.1.1/maven-common-artifact-filters-3.1.1.jar:/Users/stepanbohm/.m2/repository/org/apache/maven/maven-artifact/3.1.0/maven-artifact-3.1.0.jar:/Users/stepanbohm/.m2/repository/org/codehaus/plexus/plexus-utils/3.0.10/plexus-utils-3.0.10.jar:/Users/stepanbohm/.m2/repository/org/apache/maven/maven-core/3.1.0/maven-core-3.1.0.jar:/Users/stepanbohm/.m2/repository/org/apache/maven/maven-settings/3.1.0/maven-settings-3.1.0.jar:/Users/stepanbohm/.m2/repository/org/apache/maven/maven-settings-builder/3.1.0/maven-settings-builder-3.1.0.jar:/Users/stepanbohm/.m2/repository/org/apache/maven/maven-repository-metadata/3.1.0/maven-repository-metadata-3.1.0.jar:/Users/stepanbohm/.m2/repository/org/apache/maven/maven-model-builder/3.1.0/maven-model-builder-3.1.0.jar:/Users/stepanbohm/.m2/repository/org/apache/maven/maven-aether-provider/3.1.0/maven-aether-provider-3.1.0.jar:/Users/stepanbohm/.m2/repository/org/eclipse/aether/aether-spi/0.9.0.M2/aether-spi-0.9.0.M2.jar:/Users/stepanbohm/.m2/repository/org/eclipse/aether/aether-impl/0.9.0.M2/aether-impl-0.9.0.M2.jar:/Users/stepanbohm/.m2/repository/org/eclipse/sisu/org.eclipse.sisu.plexus/0.0.0.M2a/org.eclipse.sisu.plexus-0.0.0.M2a.jar:/Users/stepanbohm/.m2/repository/javax/enterprise/cdi-api/1.0/cdi-api-1.0.jar:/Users/stepanbohm/.m2/repository/javax/annotation/jsr250-api/1.0/jsr250-api-1.0.jar:/Users/stepanbohm/.m2/repository/javax/inject/javax.inject/1/javax.inject-1.jar:/Users/stepanbohm/.m2/repository/com/google/guava/guava/10.0.1/guava-10.0.1.jar:/Users/stepanbohm/.m2/repository/com/google/code/findbugs/jsr305/1.3.9/jsr305-1.3.9.jar:/Users/stepanbohm/.m2/repository/org/sonatype/sisu/sisu-guice/3.1.0/sisu-guice-3.1.0-no_aop.jar:/Users/stepanbohm/.m2/repository/aopalliance/aopalliance/1.0/aopalliance-1.0.jar:/Users/stepanbohm/.m2/repository/org/eclipse/sisu/org.eclipse.sisu.inject/0.0.0.M2a/org.eclipse.sisu.inject-0.0.0.M2a.jar:/Users/stepanbohm/.m2/repository/asm/asm/3.3.1/asm-3.3.1.jar:/Users/stepanbohm/.m2/repository/org/codehaus/plexus/plexus-interpolation/1.16/plexus-interpolation-1.16.jar:/Users/stepanbohm/.m2/repository/org/codehaus/plexus/plexus-classworlds/2.4.2/plexus-classworlds-2.4.2.jar:/Users/stepanbohm/.m2/repository/org/codehaus/plexus/plexus-component-annotations/1.5.5/plexus-component-annotations-1.5.5.jar:/Users/stepanbohm/.m2/repository/org/sonatype/plexus/plexus-sec-dispatcher/1.3/plexus-sec-dispatcher-1.3.jar:/Users/stepanbohm/.m2/repository/org/sonatype/plexus/plexus-cipher/1.4/plexus-cipher-1.4.jar:/Users/stepanbohm/.m2/repository/org/apache/maven/maven-plugin-api/3.1.0/maven-plugin-api-3.1.0.jar:/Users/stepanbohm/.m2/repository/commons-io/commons-io/2.6/commons-io-2.6.jar:/Users/stepanbohm/.m2/repository/org/codehaus/plexus/plexus-java/1.1.2/plexus-java-1.1.2.jar:/Users/stepanbohm/.m2/repository/org/ow2/asm/asm/9.4/asm-9.4.jar:/Users/stepanbohm/.m2/repository/com/thoughtworks/qdox/qdox/2.0.3/qdox-2.0.3.jar:/Users/stepanbohm/.m2/repository/org/apache/maven/surefire/surefire-shared-utils/3.0.0/surefire-shared-utils-3.0.0.jar:"/>
    <property name="java.vm.vendor" value="Oracle Corporation"/>
    <property name="sun.arch.data.model" value="64"/>
    <property name="java.vendor.url" value="https://java.oracle.com/"/>
    <property name="os.name" value="Mac OS X"/>
    <property name="java.vm.specification.version" value="19"/>
    <property name="sun.java.launcher" value="SUN_STANDARD"/>
    <property name="user.country" value="CZ"/>
    <property name="sun.boot.library.path" value="/Users/stepanbohm/Library/Java/JavaVirtualMachines/openjdk-19.0.2/Contents/Home/lib"/>
    <property name="sun.java.command" value="/Users/stepanbohm/projects/engeto/lekce8_jUnit/target/surefire/surefirebooter-20230321203442224_3.jar /Users/stepanbohm/projects/engeto/lekce8_jUnit/target/surefire 2023-03-21T20-34-42_164-jvmRun1 surefire-20230321203442224_1tmp surefire_0-20230321203442224_2tmp"/>
    <property name="http.nonProxyHosts" value="local|*.local|169.254/16|*.169.254/16"/>
    <property name="jdk.debug" value="release"/>
    <property name="surefire.test.class.path" value="/Users/stepanbohm/projects/engeto/lekce8_jUnit/target/test-classes:/Users/stepanbohm/projects/engeto/lekce8_jUnit/target/classes:/Users/stepanbohm/.m2/repository/org/junit/jupiter/junit-jupiter-api/5.9.2/junit-jupiter-api-5.9.2.jar:/Users/stepanbohm/.m2/repository/org/opentest4j/opentest4j/1.2.0/opentest4j-1.2.0.jar:/Users/stepanbohm/.m2/repository/org/junit/platform/junit-platform-commons/1.9.2/junit-platform-commons-1.9.2.jar:/Users/stepanbohm/.m2/repository/org/apiguardian/apiguardian-api/1.1.2/apiguardian-api-1.1.2.jar:/Users/stepanbohm/.m2/repository/org/apache/maven/plugins/maven-surefire-plugin/3.0.0/maven-surefire-plugin-3.0.0.jar:/Users/stepanbohm/.m2/repository/org/apache/maven/surefire/maven-surefire-common/3.0.0/maven-surefire-common-3.0.0.jar:/Users/stepanbohm/.m2/repository/org/apache/maven/surefire/surefire-api/3.0.0/surefire-api-3.0.0.jar:/Users/stepanbohm/.m2/repository/org/apache/maven/surefire/surefire-logger-api/3.0.0/surefire-logger-api-3.0.0.jar:/Users/stepanbohm/.m2/repository/org/apache/maven/surefire/surefire-extensions-api/3.0.0/surefire-extensions-api-3.0.0.jar:/Users/stepanbohm/.m2/repository/org/apache/maven/surefire/surefire-booter/3.0.0/surefire-booter-3.0.0.jar:/Users/stepanbohm/.m2/repository/org/apache/maven/surefire/surefire-extensions-spi/3.0.0/surefire-extensions-spi-3.0.0.jar:/Users/stepanbohm/.m2/repository/org/eclipse/aether/aether-util/1.0.0.v20140518/aether-util-1.0.0.v20140518.jar:/Users/stepanbohm/.m2/repository/org/eclipse/aether/aether-api/1.0.0.v20140518/aether-api-1.0.0.v20140518.jar:/Users/stepanbohm/.m2/repository/org/apache/maven/shared/maven-common-artifact-filters/3.1.1/maven-common-artifact-filters-3.1.1.jar:/Users/stepanbohm/.m2/repository/org/apache/maven/maven-artifact/3.1.0/maven-artifact-3.1.0.jar:/Users/stepanbohm/.m2/repository/org/codehaus/plexus/plexus-utils/3.0.10/plexus-utils-3.0.10.jar:/Users/stepanbohm/.m2/repository/org/apache/maven/maven-core/3.1.0/maven-core-3.1.0.jar:/Users/stepanbohm/.m2/repository/org/apache/maven/maven-settings/3.1.0/maven-settings-3.1.0.jar:/Users/stepanbohm/.m2/repository/org/apache/maven/maven-settings-builder/3.1.0/maven-settings-builder-3.1.0.jar:/Users/stepanbohm/.m2/repository/org/apache/maven/maven-repository-metadata/3.1.0/maven-repository-metadata-3.1.0.jar:/Users/stepanbohm/.m2/repository/org/apache/maven/maven-model-builder/3.1.0/maven-model-builder-3.1.0.jar:/Users/stepanbohm/.m2/repository/org/apache/maven/maven-aether-provider/3.1.0/maven-aether-provider-3.1.0.jar:/Users/stepanbohm/.m2/repository/org/eclipse/aether/aether-spi/0.9.0.M2/aether-spi-0.9.0.M2.jar:/Users/stepanbohm/.m2/repository/org/eclipse/aether/aether-impl/0.9.0.M2/aether-impl-0.9.0.M2.jar:/Users/stepanbohm/.m2/repository/org/eclipse/sisu/org.eclipse.sisu.plexus/0.0.0.M2a/org.eclipse.sisu.plexus-0.0.0.M2a.jar:/Users/stepanbohm/.m2/repository/javax/enterprise/cdi-api/1.0/cdi-api-1.0.jar:/Users/stepanbohm/.m2/repository/javax/annotation/jsr250-api/1.0/jsr250-api-1.0.jar:/Users/stepanbohm/.m2/repository/javax/inject/javax.inject/1/javax.inject-1.jar:/Users/stepanbohm/.m2/repository/com/google/guava/guava/10.0.1/guava-10.0.1.jar:/Users/stepanbohm/.m2/repository/com/google/code/findbugs/jsr305/1.3.9/jsr305-1.3.9.jar:/Users/stepanbohm/.m2/repository/org/sonatype/sisu/sisu-guice/3.1.0/sisu-guice-3.1.0-no_aop.jar:/Users/stepanbohm/.m2/repository/aopalliance/aopalliance/1.0/aopalliance-1.0.jar:/Users/stepanbohm/.m2/repository/org/eclipse/sisu/org.eclipse.sisu.inject/0.0.0.M2a/org.eclipse.sisu.inject-0.0.0.M2a.jar:/Users/stepanbohm/.m2/repository/asm/asm/3.3.1/asm-3.3.1.jar:/Users/stepanbohm/.m2/repository/org/codehaus/plexus/plexus-interpolation/1.16/plexus-interpolation-1.16.jar:/Users/stepanbohm/.m2/repository/org/codehaus/plexus/plexus-classworlds/2.4.2/plexus-classworlds-2.4.2.jar:/Users/stepanbohm/.m2/repository/org/codehaus/plexus/plexus-component-annotations/1.5.5/plexus-component-annotations-1.5.5.jar:/Users/stepanbohm/.m2/repository/org/sonatype/plexus/plexus-sec-dispatcher/1.3/plexus-sec-dispatcher-1.3.jar:/Users/stepanbohm/.m2/repository/org/sonatype/plexus/plexus-cipher/1.4/plexus-cipher-1.4.jar:/Users/stepanbohm/.m2/repository/org/apache/maven/maven-plugin-api/3.1.0/maven-plugin-api-3.1.0.jar:/Users/stepanbohm/.m2/repository/commons-io/commons-io/2.6/commons-io-2.6.jar:/Users/stepanbohm/.m2/repository/org/codehaus/plexus/plexus-java/1.1.2/plexus-java-1.1.2.jar:/Users/stepanbohm/.m2/repository/org/ow2/asm/asm/9.4/asm-9.4.jar:/Users/stepanbohm/.m2/repository/com/thoughtworks/qdox/qdox/2.0.3/qdox-2.0.3.jar:/Users/stepanbohm/.m2/repository/org/apache/maven/surefire/surefire-shared-utils/3.0.0/surefire-shared-utils-3.0.0.jar:"/>
    <property name="sun.cpu.endian" value="little"/>
    <property name="user.home" value="/Users/stepanbohm"/>
    <property name="user.language" value="cs"/>
    <property name="java.specification.vendor" value="Oracle Corporation"/>
    <property name="java.version.date" value="2023-01-17"/>
    <property name="java.home" value="/Users/stepanbohm/Library/Java/JavaVirtualMachines/openjdk-19.0.2/Contents/Home"/>
    <property name="file.separator" value="/"/>
    <property name="basedir" value="/Users/stepanbohm/projects/engeto/lekce8_jUnit"/>
    <property name="java.vm.compressedOopsMode" value="Zero based"/>
    <property name="line.separator" value="&#10;"/>
    <property name="java.vm.specification.vendor" value="Oracle Corporation"/>
    <property name="java.specification.name" value="Java Platform API Specification"/>
    <property name="apple.awt.application.name" value="ForkedBooter"/>
    <property name="surefire.real.class.path" value="/Users/stepanbohm/projects/engeto/lekce8_jUnit/target/surefire/surefirebooter-20230321203442224_3.jar"/>
    <property name="sun.management.compiler" value="HotSpot 64-Bit Tiered Compilers"/>
    <property name="ftp.nonProxyHosts" value="local|*.local|169.254/16|*.169.254/16"/>
    <property name="java.runtime.version" value="19.0.2+7-44"/>
    <property name="user.name" value="stepanbohm"/>
    <property name="stdout.encoding" value="UTF-8"/>
    <property name="path.separator" value=":"/>
    <property name="os.version" value="13.2.1"/>
    <property name="java.runtime.name" value="OpenJDK Runtime Environment"/>
    <property name="file.encoding" value="UTF-8"/>
    <property name="java.vm.name" value="OpenJDK 64-Bit Server VM"/>
    <property name="localRepository" value="/Users/stepanbohm/.m2/repository"/>
    <property name="java.vendor.url.bug" value="https://bugreport.java.com/bugreport/"/>
    <property name="java.io.tmpdir" value="/var/folders/md/q8glmd850sl6pqh2_dcvwrr80000gn/T/"/>
    <property name="idea.version" value="2022.3.2"/>
    <property name="java.version" value="19.0.2"/>
    <property name="user.dir" value="/Users/stepanbohm/projects/engeto/lekce8_jUnit"/>
    <property name="os.arch" value="aarch64"/>
    <property name="java.vm.specification.name" value="Java Virtual Machine Specification"/>
    <property name="native.encoding" value="UTF-8"/>
    <property name="java.library.path" value="/Users/stepanbohm/Library/Java/Extensions:/Library/Java/Extensions:/Network/Library/Java/Extensions:/System/Library/Java/Extensions:/usr/lib/java:."/>
    <property name="java.vm.info" value="mixed mode, sharing"/>
    <property name="stderr.encoding" value="UTF-8"/>
    <property name="java.vendor" value="Oracle Corporation"/>
    <property name="java.vm.version" value="19.0.2+7-44"/>
    <property name="sun.io.unicode.encoding" value="UnicodeBig"/>
    <property name="socksNonProxyHosts" value="local|*.local|169.254/16|*.169.254/16"/>
    <property name="java.class.version" value="63.0"/>
  </properties>
  <testcase name="testCat" classname="animals.CatTest" time="0.001"/>
  <testcase name="testCat2" classname="animals.CatTest" time="0.002"/>
  <testcase name="testCollectionSize" classname="animals.CatTest" time="0"/>
  <testcase name="testCatSetters" classname="animals.CatTest" time="0.001"/>
</testsuite>